[2013-03-19 15:56:19] ERROR (GetBalance.java: 44) - An error occurred while fetching your balance: This request must be made over a secure channel. You must use 'https' rather than 'http'.
com.amazonaws.mturk.service.exception.InternalServiceException: This request must be made over a secure channel. You must use 'https' rather than 'http'.
	at com.amazonaws.mturk.service.axis.AWSService.executeRequestMessage(AWSService.java:243)
	at com.amazonaws.mturk.filter.FinalFilter.execute(FinalFilter.java:38)
	at com.amazonaws.mturk.filter.Filter.passMessage(Filter.java:56)
	at com.amazonaws.mturk.filter.ErrorProcessingFilter.execute(ErrorProcessingFilter.java:46)
	at com.amazonaws.mturk.filter.Filter.passMessage(Filter.java:56)
	at com.amazonaws.mturk.filter.RetryFilter.execute(RetryFilter.java:115)
	at com.amazonaws.mturk.filter.Filter.passMessage(Filter.java:56)
	at com.amazonaws.mturk.util.CLTExceptionFilter.sendMessage(CLTExceptionFilter.java:77)
	at com.amazonaws.mturk.util.CLTExceptionFilter.execute(CLTExceptionFilter.java:62)
	at com.amazonaws.mturk.service.axis.FilteredAWSService.executeRequests(FilteredAWSService.java:172)
	at com.amazonaws.mturk.service.axis.FilteredAWSService.executeRequest(FilteredAWSService.java:152)
	at com.amazonaws.mturk.service.axis.FilteredAWSService.executeRequest(FilteredAWSService.java:116)
	at com.amazonaws.mturk.service.axis.RequesterServiceRaw.getAccountBalance(RequesterServiceRaw.java:1193)
	at com.amazonaws.mturk.service.axis.RequesterService.getAccountBalance(RequesterService.java:922)
	at com.amazonaws.mturk.cmd.GetBalance.getBalance(GetBalance.java:50)
	at com.amazonaws.mturk.cmd.GetBalance.runCommand(GetBalance.java:41)
	at com.amazonaws.mturk.cmd.AbstractCmd.run(AbstractCmd.java:148)
	at com.amazonaws.mturk.cmd.GetBalance.main(GetBalance.java:28)
Caused by: This request must be made over a secure channel. You must use 'https' rather than 'http'.
	at org.apache.axis.message.SOAPFaultBuilder.createFault(SOAPFaultBuilder.java:222)
	at org.apache.axis.message.SOAPFaultBuilder.endElement(SOAPFaultBuilder.java:129)
	at org.apache.axis.encoding.DeserializationContext.endElement(DeserializationContext.java:1087)
	at org.apache.xerces.parsers.AbstractSAXParser.endElement(Unknown Source)
	at org.apache.xerces.impl.XMLNSDocumentScannerImpl.scanEndElement(Unknown Source)
	at org.apache.xerces.impl.XMLDocumentFragmentScannerImpl$FragmentContentDispatcher.dispatch(Unknown Source)
	at org.apache.xerces.impl.XMLDocumentFragmentScannerImpl.scanDocument(Unknown Source)
	at org.apache.xerces.parsers.XML11Configuration.parse(Unknown Source)
	at org.apache.xerces.parsers.XML11Configuration.parse(Unknown Source)
	at org.apache.xerces.parsers.XMLParser.parse(Unknown Source)
	at org.apache.xerces.parsers.AbstractSAXParser.parse(Unknown Source)
	at org.apache.xerces.jaxp.SAXParserImpl$JAXPSAXParser.parse(Unknown Source)
	at org.apache.xerces.jaxp.SAXParserImpl.parse(Unknown Source)
	at org.apache.axis.encoding.DeserializationContext.parse(DeserializationContext.java:227)
	at org.apache.axis.SOAPPart.getAsSOAPEnvelope(SOAPPart.java:696)
	at org.apache.axis.Message.getSOAPEnvelope(Message.java:435)
	at org.apache.axis.handlers.soap.MustUnderstandChecker.invoke(MustUnderstandChecker.java:62)
	at org.apache.axis.client.AxisClient.invoke(AxisClient.java:206)
	at org.apache.axis.client.Call.invokeEngine(Call.java:2784)
	at org.apache.axis.client.Call.invoke(Call.java:2767)
	at org.apache.axis.client.Call.invoke(Call.java:2443)
	at org.apache.axis.client.Call.invoke(Call.java:2366)
	at org.apache.axis.client.Call.invoke(Call.java:1812)
	at com.amazonaws.mturk.requester.AWSMechanicalTurkRequesterBindingStub.getAccountBalance(Unknown Source)
	at sun.reflect.NativeMethodAccessorImpl.invoke0(Native Method)
	at sun.reflect.NativeMethodAccessorImpl.invoke(NativeMethodAccessorImpl.java:39)
	at sun.reflect.DelegatingMethodAccessorImpl.invoke(DelegatingMethodAccessorImpl.java:25)
	at java.lang.reflect.Method.invoke(Method.java:597)
	at com.amazonaws.mturk.service.axis.AWSService.executeRequestMessage(AWSService.java:220)
	... 17 more
[2013-03-19 15:57:27] ERROR (GetBalance.java: 44) - An error occurred while fetching your balance: This request must be made over a secure channel. You must use 'https' rather than 'http'.
com.amazonaws.mturk.service.exception.InternalServiceException: This request must be made over a secure channel. You must use 'https' rather than 'http'.
	at com.amazonaws.mturk.service.axis.AWSService.executeRequestMessage(AWSService.java:243)
	at com.amazonaws.mturk.filter.FinalFilter.execute(FinalFilter.java:38)
	at com.amazonaws.mturk.filter.Filter.passMessage(Filter.java:56)
	at com.amazonaws.mturk.filter.ErrorProcessingFilter.execute(ErrorProcessingFilter.java:46)
	at com.amazonaws.mturk.filter.Filter.passMessage(Filter.java:56)
	at com.amazonaws.mturk.filter.RetryFilter.execute(RetryFilter.java:115)
	at com.amazonaws.mturk.filter.Filter.passMessage(Filter.java:56)
	at com.amazonaws.mturk.util.CLTExceptionFilter.sendMessage(CLTExceptionFilter.java:77)
	at com.amazonaws.mturk.util.CLTExceptionFilter.execute(CLTExceptionFilter.java:62)
	at com.amazonaws.mturk.service.axis.FilteredAWSService.executeRequests(FilteredAWSService.java:172)
	at com.amazonaws.mturk.service.axis.FilteredAWSService.executeRequest(FilteredAWSService.java:152)
	at com.amazonaws.mturk.service.axis.FilteredAWSService.executeRequest(FilteredAWSService.java:116)
	at com.amazonaws.mturk.service.axis.RequesterServiceRaw.getAccountBalance(RequesterServiceRaw.java:1193)
	at com.amazonaws.mturk.service.axis.RequesterService.getAccountBalance(RequesterService.java:922)
	at com.amazonaws.mturk.cmd.GetBalance.getBalance(GetBalance.java:50)
	at com.amazonaws.mturk.cmd.GetBalance.runCommand(GetBalance.java:41)
	at com.amazonaws.mturk.cmd.AbstractCmd.run(AbstractCmd.java:148)
	at com.amazonaws.mturk.cmd.GetBalance.main(GetBalance.java:28)
Caused by: This request must be made over a secure channel. You must use 'https' rather than 'http'.
	at org.apache.axis.message.SOAPFaultBuilder.createFault(SOAPFaultBuilder.java:222)
	at org.apache.axis.message.SOAPFaultBuilder.endElement(SOAPFaultBuilder.java:129)
	at org.apache.axis.encoding.DeserializationContext.endElement(DeserializationContext.java:1087)
	at org.apache.xerces.parsers.AbstractSAXParser.endElement(Unknown Source)
	at org.apache.xerces.impl.XMLNSDocumentScannerImpl.scanEndElement(Unknown Source)
	at org.apache.xerces.impl.XMLDocumentFragmentScannerImpl$FragmentContentDispatcher.dispatch(Unknown Source)
	at org.apache.xerces.impl.XMLDocumentFragmentScannerImpl.scanDocument(Unknown Source)
	at org.apache.xerces.parsers.XML11Configuration.parse(Unknown Source)
	at org.apache.xerces.parsers.XML11Configuration.parse(Unknown Source)
	at org.apache.xerces.parsers.XMLParser.parse(Unknown Source)
	at org.apache.xerces.parsers.AbstractSAXParser.parse(Unknown Source)
	at org.apache.xerces.jaxp.SAXParserImpl$JAXPSAXParser.parse(Unknown Source)
	at org.apache.xerces.jaxp.SAXParserImpl.parse(Unknown Source)
	at org.apache.axis.encoding.DeserializationContext.parse(DeserializationContext.java:227)
	at org.apache.axis.SOAPPart.getAsSOAPEnvelope(SOAPPart.java:696)
	at org.apache.axis.Message.getSOAPEnvelope(Message.java:435)
	at org.apache.axis.handlers.soap.MustUnderstandChecker.invoke(MustUnderstandChecker.java:62)
	at org.apache.axis.client.AxisClient.invoke(AxisClient.java:206)
	at org.apache.axis.client.Call.invokeEngine(Call.java:2784)
	at org.apache.axis.client.Call.invoke(Call.java:2767)
	at org.apache.axis.client.Call.invoke(Call.java:2443)
	at org.apache.axis.client.Call.invoke(Call.java:2366)
	at org.apache.axis.client.Call.invoke(Call.java:1812)
	at com.amazonaws.mturk.requester.AWSMechanicalTurkRequesterBindingStub.getAccountBalance(Unknown Source)
	at sun.reflect.NativeMethodAccessorImpl.invoke0(Native Method)
	at sun.reflect.NativeMethodAccessorImpl.invoke(NativeMethodAccessorImpl.java:39)
	at sun.reflect.DelegatingMethodAccessorImpl.invoke(DelegatingMethodAccessorImpl.java:25)
	at java.lang.reflect.Method.invoke(Method.java:597)
	at com.amazonaws.mturk.service.axis.AWSService.executeRequestMessage(AWSService.java:220)
	... 17 more
[2013-03-19 16:01:30] ERROR (GetBalance.java: 44) - An error occurred while fetching your balance: This request must be made over a secure channel. You must use 'https' rather than 'http'.
com.amazonaws.mturk.service.exception.InternalServiceException: This request must be made over a secure channel. You must use 'https' rather than 'http'.
	at com.amazonaws.mturk.service.axis.AWSService.executeRequestMessage(AWSService.java:243)
	at com.amazonaws.mturk.filter.FinalFilter.execute(FinalFilter.java:38)
	at com.amazonaws.mturk.filter.Filter.passMessage(Filter.java:56)
	at com.amazonaws.mturk.filter.ErrorProcessingFilter.execute(ErrorProcessingFilter.java:46)
	at com.amazonaws.mturk.filter.Filter.passMessage(Filter.java:56)
	at com.amazonaws.mturk.filter.RetryFilter.execute(RetryFilter.java:115)
	at com.amazonaws.mturk.filter.Filter.passMessage(Filter.java:56)
	at com.amazonaws.mturk.util.CLTExceptionFilter.sendMessage(CLTExceptionFilter.java:77)
	at com.amazonaws.mturk.util.CLTExceptionFilter.execute(CLTExceptionFilter.java:62)
	at com.amazonaws.mturk.service.axis.FilteredAWSService.executeRequests(FilteredAWSService.java:172)
	at com.amazonaws.mturk.service.axis.FilteredAWSService.executeRequest(FilteredAWSService.java:152)
	at com.amazonaws.mturk.service.axis.FilteredAWSService.executeRequest(FilteredAWSService.java:116)
	at com.amazonaws.mturk.service.axis.RequesterServiceRaw.getAccountBalance(RequesterServiceRaw.java:1193)
	at com.amazonaws.mturk.service.axis.RequesterService.getAccountBalance(RequesterService.java:922)
	at com.amazonaws.mturk.cmd.GetBalance.getBalance(GetBalance.java:50)
	at com.amazonaws.mturk.cmd.GetBalance.runCommand(GetBalance.java:41)
	at com.amazonaws.mturk.cmd.AbstractCmd.run(AbstractCmd.java:148)
	at com.amazonaws.mturk.cmd.GetBalance.main(GetBalance.java:28)
Caused by: This request must be made over a secure channel. You must use 'https' rather than 'http'.
	at org.apache.axis.message.SOAPFaultBuilder.createFault(SOAPFaultBuilder.java:222)
	at org.apache.axis.message.SOAPFaultBuilder.endElement(SOAPFaultBuilder.java:129)
	at org.apache.axis.encoding.DeserializationContext.endElement(DeserializationContext.java:1087)
	at org.apache.xerces.parsers.AbstractSAXParser.endElement(Unknown Source)
	at org.apache.xerces.impl.XMLNSDocumentScannerImpl.scanEndElement(Unknown Source)
	at org.apache.xerces.impl.XMLDocumentFragmentScannerImpl$FragmentContentDispatcher.dispatch(Unknown Source)
	at org.apache.xerces.impl.XMLDocumentFragmentScannerImpl.scanDocument(Unknown Source)
	at org.apache.xerces.parsers.XML11Configuration.parse(Unknown Source)
	at org.apache.xerces.parsers.XML11Configuration.parse(Unknown Source)
	at org.apache.xerces.parsers.XMLParser.parse(Unknown Source)
	at org.apache.xerces.parsers.AbstractSAXParser.parse(Unknown Source)
	at org.apache.xerces.jaxp.SAXParserImpl$JAXPSAXParser.parse(Unknown Source)
	at org.apache.xerces.jaxp.SAXParserImpl.parse(Unknown Source)
	at org.apache.axis.encoding.DeserializationContext.parse(DeserializationContext.java:227)
	at org.apache.axis.SOAPPart.getAsSOAPEnvelope(SOAPPart.java:696)
	at org.apache.axis.Message.getSOAPEnvelope(Message.java:435)
	at org.apache.axis.handlers.soap.MustUnderstandChecker.invoke(MustUnderstandChecker.java:62)
	at org.apache.axis.client.AxisClient.invoke(AxisClient.java:206)
	at org.apache.axis.client.Call.invokeEngine(Call.java:2784)
	at org.apache.axis.client.Call.invoke(Call.java:2767)
	at org.apache.axis.client.Call.invoke(Call.java:2443)
	at org.apache.axis.client.Call.invoke(Call.java:2366)
	at org.apache.axis.client.Call.invoke(Call.java:1812)
	at com.amazonaws.mturk.requester.AWSMechanicalTurkRequesterBindingStub.getAccountBalance(Unknown Source)
	at sun.reflect.NativeMethodAccessorImpl.invoke0(Native Method)
	at sun.reflect.NativeMethodAccessorImpl.invoke(NativeMethodAccessorImpl.java:39)
	at sun.reflect.DelegatingMethodAccessorImpl.invoke(DelegatingMethodAccessorImpl.java:25)
	at java.lang.reflect.Method.invoke(Method.java:597)
	at com.amazonaws.mturk.service.axis.AWSService.executeRequestMessage(AWSService.java:220)
	... 17 more
[2013-03-19 16:04:01] ERROR (GetBalance.java: 44) - An error occurred while fetching your balance: This request must be made over a secure channel. You must use 'https' rather than 'http'.
com.amazonaws.mturk.service.exception.InternalServiceException: This request must be made over a secure channel. You must use 'https' rather than 'http'.
	at com.amazonaws.mturk.service.axis.AWSService.executeRequestMessage(AWSService.java:243)
	at com.amazonaws.mturk.filter.FinalFilter.execute(FinalFilter.java:38)
	at com.amazonaws.mturk.filter.Filter.passMessage(Filter.java:56)
	at com.amazonaws.mturk.filter.ErrorProcessingFilter.execute(ErrorProcessingFilter.java:46)
	at com.amazonaws.mturk.filter.Filter.passMessage(Filter.java:56)
	at com.amazonaws.mturk.filter.RetryFilter.execute(RetryFilter.java:115)
	at com.amazonaws.mturk.filter.Filter.passMessage(Filter.java:56)
	at com.amazonaws.mturk.util.CLTExceptionFilter.sendMessage(CLTExceptionFilter.java:77)
	at com.amazonaws.mturk.util.CLTExceptionFilter.execute(CLTExceptionFilter.java:62)
	at com.amazonaws.mturk.service.axis.FilteredAWSService.executeRequests(FilteredAWSService.java:172)
	at com.amazonaws.mturk.service.axis.FilteredAWSService.executeRequest(FilteredAWSService.java:152)
	at com.amazonaws.mturk.service.axis.FilteredAWSService.executeRequest(FilteredAWSService.java:116)
	at com.amazonaws.mturk.service.axis.RequesterServiceRaw.getAccountBalance(RequesterServiceRaw.java:1193)
	at com.amazonaws.mturk.service.axis.RequesterService.getAccountBalance(RequesterService.java:922)
	at com.amazonaws.mturk.cmd.GetBalance.getBalance(GetBalance.java:50)
	at com.amazonaws.mturk.cmd.GetBalance.runCommand(GetBalance.java:41)
	at com.amazonaws.mturk.cmd.AbstractCmd.run(AbstractCmd.java:148)
	at com.amazonaws.mturk.cmd.GetBalance.main(GetBalance.java:28)
Caused by: This request must be made over a secure channel. You must use 'https' rather than 'http'.
	at org.apache.axis.message.SOAPFaultBuilder.createFault(SOAPFaultBuilder.java:222)
	at org.apache.axis.message.SOAPFaultBuilder.endElement(SOAPFaultBuilder.java:129)
	at org.apache.axis.encoding.DeserializationContext.endElement(DeserializationContext.java:1087)
	at org.apache.xerces.parsers.AbstractSAXParser.endElement(Unknown Source)
	at org.apache.xerces.impl.XMLNSDocumentScannerImpl.scanEndElement(Unknown Source)
	at org.apache.xerces.impl.XMLDocumentFragmentScannerImpl$FragmentContentDispatcher.dispatch(Unknown Source)
	at org.apache.xerces.impl.XMLDocumentFragmentScannerImpl.scanDocument(Unknown Source)
	at org.apache.xerces.parsers.XML11Configuration.parse(Unknown Source)
	at org.apache.xerces.parsers.XML11Configuration.parse(Unknown Source)
	at org.apache.xerces.parsers.XMLParser.parse(Unknown Source)
	at org.apache.xerces.parsers.AbstractSAXParser.parse(Unknown Source)
	at org.apache.xerces.jaxp.SAXParserImpl$JAXPSAXParser.parse(Unknown Source)
	at org.apache.xerces.jaxp.SAXParserImpl.parse(Unknown Source)
	at org.apache.axis.encoding.DeserializationContext.parse(DeserializationContext.java:227)
	at org.apache.axis.SOAPPart.getAsSOAPEnvelope(SOAPPart.java:696)
	at org.apache.axis.Message.getSOAPEnvelope(Message.java:435)
	at org.apache.axis.handlers.soap.MustUnderstandChecker.invoke(MustUnderstandChecker.java:62)
	at org.apache.axis.client.AxisClient.invoke(AxisClient.java:206)
	at org.apache.axis.client.Call.invokeEngine(Call.java:2784)
	at org.apache.axis.client.Call.invoke(Call.java:2767)
	at org.apache.axis.client.Call.invoke(Call.java:2443)
	at org.apache.axis.client.Call.invoke(Call.java:2366)
	at org.apache.axis.client.Call.invoke(Call.java:1812)
	at com.amazonaws.mturk.requester.AWSMechanicalTurkRequesterBindingStub.getAccountBalance(Unknown Source)
	at sun.reflect.NativeMethodAccessorImpl.invoke0(Native Method)
	at sun.reflect.NativeMethodAccessorImpl.invoke(NativeMethodAccessorImpl.java:39)
	at sun.reflect.DelegatingMethodAccessorImpl.invoke(DelegatingMethodAccessorImpl.java:25)
	at java.lang.reflect.Method.invoke(Method.java:597)
	at com.amazonaws.mturk.service.axis.AWSService.executeRequestMessage(AWSService.java:220)
	... 17 more
[2013-03-19 16:04:27] INFO  (GetBalance.java: 51) - Your account balance: $0.00
[2013-03-19 16:05:46] INFO  (AbstractCmd.java: 138) - Sandbox override
[2013-03-19 16:05:48] ERROR (CreateQualificationType.java: 171) - Error creating qualification type: Error executing operation: Error #1 for RequestId: 23eeca31-e11c-4159-9e2f-16eb06da0b13 - AWS.MechanicalTurk.MustRegister: Please log in to https://requestersandbox.mturk.com/ and complete registration. (1363723548744 s)
com.amazonaws.mturk.service.exception.InternalServiceException: Error executing operation: Error #1 for RequestId: 23eeca31-e11c-4159-9e2f-16eb06da0b13 - AWS.MechanicalTurk.MustRegister: Please log in to https://requestersandbox.mturk.com/ and complete registration. (1363723548744 s)
	at com.amazonaws.mturk.filter.ErrorProcessingFilter.processErrors(ErrorProcessingFilter.java:158)
	at com.amazonaws.mturk.filter.ErrorProcessingFilter.execute(ErrorProcessingFilter.java:48)
	at com.amazonaws.mturk.filter.Filter.passMessage(Filter.java:56)
	at com.amazonaws.mturk.filter.RetryFilter.execute(RetryFilter.java:115)
	at com.amazonaws.mturk.filter.Filter.passMessage(Filter.java:56)
	at com.amazonaws.mturk.util.CLTExceptionFilter.sendMessage(CLTExceptionFilter.java:77)
	at com.amazonaws.mturk.util.CLTExceptionFilter.execute(CLTExceptionFilter.java:62)
	at com.amazonaws.mturk.service.axis.FilteredAWSService.executeRequests(FilteredAWSService.java:172)
	at com.amazonaws.mturk.service.axis.FilteredAWSService.executeRequest(FilteredAWSService.java:152)
	at com.amazonaws.mturk.service.axis.FilteredAWSService.executeRequest(FilteredAWSService.java:116)
	at com.amazonaws.mturk.service.axis.RequesterServiceRaw.createQualificationType(RequesterServiceRaw.java:958)
	at com.amazonaws.mturk.cmd.CreateQualificationType.createQualificationType(CreateQualificationType.java:126)
	at com.amazonaws.mturk.cmd.CreateQualificationType.runCommand(CreateQualificationType.java:77)
	at com.amazonaws.mturk.cmd.AbstractCmd.run(AbstractCmd.java:148)
	at com.amazonaws.mturk.cmd.CreateQualificationType.main(CreateQualificationType.java:46)
[2013-03-19 16:06:58] INFO  (AbstractCmd.java: 138) - Sandbox override
[2013-03-19 16:07:00] INFO  (CreateQualificationType.java: 138) - Created qualification type: 26FMEGOOGQSCZZ3I4MJELUUU030DD8
[2013-03-19 16:07:00] INFO  (CreateQualificationType.java: 148) - You can take the test here: https://workersandbox.mturk.com/mturk/requestqualification?qualificationId=26FMEGOOGQSCZZ3I4MJELUUU030DD8
